<?xml version="1.0" encoding="UTF-8"?>
<!-- Generated by org.testng.reporters.JUnitReportReporter -->
<testsuite name="com.automation.testcases.Login" tests="2" time="4.942" ignored="0" failures="0" timestamp="20 Oct 2020 12:59:33 GMT" skipped="0" hostname="LAPTOP-642ERP7L" errors="0">
  <testcase name="Logout" time="0.409" classname="com.automation.testcases.Login"/>
  <testcase name="LoginVtiger" time="4.533" classname="com.automation.testcases.Login"/>
</testsuite> <!-- com.automation.testcases.Login -->
